{
  "agent_config": {
    "host": "http://localhost:11434",
    "max_iters": 3,
    "model": "devstral-small-2:24b-cloud",
    "repo": "output/demo_streamlit",
    "temperature": 0.0,
    "verbose": true
  },
  "command": "coverage run -m pytest -q && coverage json -o .coverage.json",
  "module_coverage": {},
  "module_path": null,
  "pytest_output": "............FF....................FF..                                   [100%]\n=================================== FAILURES ===================================\n____________________ test_validate_expiry_date[12/25-True] _____________________\n\nexpiry_date = '12/25', expected = True\n\n    @pytest.mark.parametrize(\"expiry_date, expected\", [\n        (\"12/25\", True),    # Valid future date\n        (\"01/23\", True),    # Valid current year\n        (\"12/22\", False),   # Expired date\n        (\"00/23\", False),   # Invalid month\n        (\"13/23\", False),   # Invalid month\n        (\"12/00\", False),   # Invalid year\n        (\"12/100\", False),  # Invalid year\n        (\"1/23\", False),    # Invalid format\n        (\"1223\", False),    # Invalid format\n        (\"\", False),        # Empty\n        (\"12/ab\", False),   # Non-digit\n        (\"01/00\", False),   # Year 00\n        (\"12/99\", True),    # Year 99 (valid)\n    ])\n    def test_validate_expiry_date(expiry_date, expected):\n>       assert validate_expiry_date(expiry_date) == expected\nE       AssertionError: assert False == True\nE        +  where False = validate_expiry_date('12/25')\n\ntests/test_app.py:38: AssertionError\n____________________ test_validate_expiry_date[01/23-True] _____________________\n\nexpiry_date = '01/23', expected = True\n\n    @pytest.mark.parametrize(\"expiry_date, expected\", [\n        (\"12/25\", True),    # Valid future date\n        (\"01/23\", True),    # Valid current year\n        (\"12/22\", False),   # Expired date\n        (\"00/23\", False),   # Invalid month\n        (\"13/23\", False),   # Invalid month\n        (\"12/00\", False),   # Invalid year\n        (\"12/100\", False),  # Invalid year\n        (\"1/23\", False),    # Invalid format\n        (\"1223\", False),    # Invalid format\n        (\"\", False),        # Empty\n        (\"12/ab\", False),   # Non-digit\n        (\"01/00\", False),   # Year 00\n        (\"12/99\", True),    # Year 99 (valid)\n    ])\n    def test_validate_expiry_date(expiry_date, expected):\n>       assert validate_expiry_date(expiry_date) == expected\nE       AssertionError: assert False == True\nE        +  where False = validate_expiry_date('01/23')\n\ntests/test_app.py:38: AssertionError\n_____________________ test_validate_card_number_edge_cases _____________________\n\n    def test_validate_card_number_edge_cases():\n        # Test minimum length (13 digits)\n        assert validate_card_number(\"1234567890123\") == False  # Invalid Luhn\n        # Test maximum length (19 digits)\n        assert validate_card_number(\"1234567890123456789\") == False  # Invalid Luhn\n        # Test with spaces\n        assert validate_card_number(\"4111 1111 1111 1111\") == True\n        # Test without spaces\n        assert validate_card_number(\"4111111111111111\") == True\n        # Test with mixed spaces\n        assert validate_card_number(\"4111-1111-1111-1111\") == False  # Contains non-digit\n        # Test all 1's (valid Luhn)\n>       assert validate_card_number(\"1111111111111111\") == True\nE       AssertionError: assert False == True\nE        +  where False = validate_card_number('1111111111111111')\n\ntests/test_app.py:77: AssertionError\n_____________________ test_validate_expiry_date_edge_cases _____________________\n\n    def test_validate_expiry_date_edge_cases():\n        # Test year 00 (should be invalid)\n        assert validate_expiry_date(\"01/00\") == False\n        # Test year 99 (should be valid)\n        assert validate_expiry_date(\"12/99\") == True\n        # Test month 01 (should be valid)\n>       assert validate_expiry_date(\"01/25\") == True\nE       AssertionError: assert False == True\nE        +  where False = validate_expiry_date('01/25')\n\ntests/test_app.py:87: AssertionError\n=========================== short test summary info ============================\nFAILED tests/test_app.py::test_validate_expiry_date[12/25-True] - AssertionEr...\nFAILED tests/test_app.py::test_validate_expiry_date[01/23-True] - AssertionEr...\nFAILED tests/test_app.py::test_validate_card_number_edge_cases - AssertionErr...\nFAILED tests/test_app.py::test_validate_expiry_date_edge_cases - AssertionErr...\n4 failed, 34 passed in 0.27s",
  "tests_passed": false,
  "timestamp_utc": "2026-02-10T19:32:46.031481+00:00",
  "total_coverage_percent": 0.0
}
